This is pdfTeX, Version 3.14159265-2.6-1.40.15 (TeX Live 2014/Arch Linux) (preloaded format=pdflatex 2015.5.5)  29 JUN 2015 09:03
entering extended mode
 restricted \write18 enabled.
 %&-line parsing enabled.
**sine.tex
(./sine.tex
LaTeX2e <2014/05/01>
Babel <3.9l> and hyphenation patterns for 79 languages loaded.
(/usr/share/texmf-dist/tex/latex/base/article.cls
Document Class: article 2014/09/29 v1.4h Standard LaTeX document class
(/usr/share/texmf-dist/tex/latex/base/size10.clo
File: size10.clo 2014/09/29 v1.4h Standard LaTeX file (size option)
)
\c@part=\count79
\c@section=\count80
\c@subsection=\count81
\c@subsubsection=\count82
\c@paragraph=\count83
\c@subparagraph=\count84
\c@figure=\count85
\c@table=\count86
\abovecaptionskip=\skip41
\belowcaptionskip=\skip42
\bibindent=\dimen102
)
(/usr/share/texmf-dist/tex/latex/base/inputenc.sty
Package: inputenc 2014/04/30 v1.2b Input encoding file
\inpenc@prehook=\toks14
\inpenc@posthook=\toks15

(/usr/share/texmf-dist/tex/latex/base/latin1.def
File: latin1.def 2014/04/30 v1.2b Input encoding file
))
(/home/jim/texmf/tex/latex/pgf/tex/latex/pgf/frontendlayer/tikz.sty
(/home/jim/texmf/tex/latex/pgf/tex/latex/pgf/basiclayer/pgf.sty
(/home/jim/texmf/tex/latex/pgf/tex/latex/pgf/utilities/pgfrcs.sty
(/home/jim/texmf/tex/latex/pgf/tex/generic/pgf/utilities/pgfutil-common.tex
\pgfutil@everybye=\toks16
)
(/home/jim/texmf/tex/latex/pgf/tex/generic/pgf/utilities/pgfutil-latex.def
\pgfutil@abb=\box26

(/usr/share/texmf-dist/tex/latex/ms/everyshi.sty
Package: everyshi 2001/05/15 v3.00 EveryShipout Package (MS)
))
(/home/jim/texmf/tex/latex/pgf/tex/generic/pgf/utilities/pgfrcs.code.tex
Package: pgfrcs 2010/11/07 v2.10-cvs (rcs-revision 1.25)
))
Package: pgf 2008/01/15 v2.10-cvs (rcs-revision 1.12)

(/home/jim/texmf/tex/latex/pgf/tex/latex/pgf/basiclayer/pgfcore.sty
(/usr/share/texmf-dist/tex/latex/graphics/graphicx.sty
Package: graphicx 2014/10/28 v1.0g Enhanced LaTeX Graphics (DPC,SPQR)

(/usr/share/texmf-dist/tex/latex/graphics/keyval.sty
Package: keyval 2014/10/28 v1.15 key=value parser (DPC)
\KV@toks@=\toks17
)
(/usr/share/texmf-dist/tex/latex/graphics/graphics.sty
Package: graphics 2014/10/28 v1.0p Standard LaTeX Graphics (DPC,SPQR)

(/usr/share/texmf-dist/tex/latex/graphics/trig.sty
Package: trig 1999/03/16 v1.09 sin cos tan (DPC)
)
(/usr/share/texmf-dist/tex/latex/latexconfig/graphics.cfg
File: graphics.cfg 2010/04/23 v1.9 graphics configuration of TeX Live
)
Package graphics Info: Driver file: pdftex.def on input line 91.

(/usr/share/texmf-dist/tex/latex/pdftex-def/pdftex.def
File: pdftex.def 2011/05/27 v0.06d Graphics/color for pdfTeX

(/usr/share/texmf-dist/tex/generic/oberdiek/infwarerr.sty
Package: infwarerr 2010/04/08 v1.3 Providing info/warning/error messages (HO)
)
(/home/jim/texmf/tex/latex/ltscmds/ltxcmds.sty
Package: ltxcmds 2011/11/09 v1.22 LaTeX kernel commands for general use (HO)
)
\Gread@gobject=\count87
))
\Gin@req@height=\dimen103
\Gin@req@width=\dimen104
)
(/home/jim/texmf/tex/latex/pgf/tex/latex/pgf/systemlayer/pgfsys.sty
(/home/jim/texmf/tex/latex/pgf/tex/generic/pgf/systemlayer/pgfsys.code.tex
Package: pgfsys 2012/03/30 v2.10-cvs (rcs-revision 1.38)

(/home/jim/texmf/tex/latex/pgf/tex/generic/pgf/utilities/pgfkeys.code.tex
\pgfkeys@pathtoks=\toks18
\pgfkeys@temptoks=\toks19

(/home/jim/texmf/tex/latex/pgf/tex/generic/pgf/utilities/pgfkeysfiltered.code.t
ex
\pgfkeys@tmptoks=\toks20
))
\pgf@x=\dimen105
\pgf@y=\dimen106
\pgf@xa=\dimen107
\pgf@ya=\dimen108
\pgf@xb=\dimen109
\pgf@yb=\dimen110
\pgf@xc=\dimen111
\pgf@yc=\dimen112
\w@pgf@writea=\write3
\r@pgf@reada=\read1
\c@pgf@counta=\count88
\c@pgf@countb=\count89
\c@pgf@countc=\count90
\c@pgf@countd=\count91
 (/home/jim/texmf/tex/latex/pgf/tex/generic/pgf/systemlayer/pgf.cfg
File: pgf.cfg 2008/05/14  (rcs-revision 1.7)
)
Package pgfsys Info: Driver file for pgf: pgfsys-pdftex.def on input line 919.

(/home/jim/texmf/tex/latex/pgf/tex/generic/pgf/systemlayer/pgfsys-pdftex.def
File: pgfsys-pdftex.def 2012/09/26  (rcs-revision 1.28)

(/home/jim/texmf/tex/latex/pgf/tex/generic/pgf/systemlayer/pgfsys-common-pdf.de
f
File: pgfsys-common-pdf.def 2008/05/19  (rcs-revision 1.10)
)))
(/home/jim/texmf/tex/latex/pgf/tex/generic/pgf/systemlayer/pgfsyssoftpath.code.
tex
File: pgfsyssoftpath.code.tex 2008/07/18  (rcs-revision 1.7)
\pgfsyssoftpath@smallbuffer@items=\count92
\pgfsyssoftpath@bigbuffer@items=\count93
)
(/home/jim/texmf/tex/latex/pgf/tex/generic/pgf/systemlayer/pgfsysprotocol.code.
tex
File: pgfsysprotocol.code.tex 2006/10/16  (rcs-revision 1.4)
)) (/usr/share/texmf-dist/tex/latex/xcolor/xcolor.sty
Package: xcolor 2007/01/21 v2.11 LaTeX color extensions (UK)

(/usr/share/texmf-dist/tex/latex/latexconfig/color.cfg
File: color.cfg 2007/01/18 v1.5 color configuration of teTeX/TeXLive
)
Package xcolor Info: Driver file: pdftex.def on input line 225.
Package xcolor Info: Model `cmy' substituted by `cmy0' on input line 1337.
Package xcolor Info: Model `hsb' substituted by `rgb' on input line 1341.
Package xcolor Info: Model `RGB' extended on input line 1353.
Package xcolor Info: Model `HTML' substituted by `rgb' on input line 1355.
Package xcolor Info: Model `Hsb' substituted by `hsb' on input line 1356.
Package xcolor Info: Model `tHsb' substituted by `hsb' on input line 1357.
Package xcolor Info: Model `HSB' substituted by `hsb' on input line 1358.
Package xcolor Info: Model `Gray' substituted by `gray' on input line 1359.
Package xcolor Info: Model `wave' substituted by `hsb' on input line 1360.
)
(/home/jim/texmf/tex/latex/pgf/tex/generic/pgf/basiclayer/pgfcore.code.tex
Package: pgfcore 2010/04/11 v2.10-cvs (rcs-revision 1.7)

(/home/jim/texmf/tex/latex/pgf/tex/generic/pgf/math/pgfmath.code.tex
(/home/jim/texmf/tex/latex/pgf/tex/generic/pgf/math/pgfmathcalc.code.tex
(/home/jim/texmf/tex/latex/pgf/tex/generic/pgf/math/pgfmathutil.code.tex)
(/home/jim/texmf/tex/latex/pgf/tex/generic/pgf/math/pgfmathparser.code.tex
\pgfmath@dimen=\dimen113
\pgfmath@count=\count94
\pgfmath@box=\box27
\pgfmath@toks=\toks21
\pgfmath@stack@operand=\toks22
\pgfmath@stack@operation=\toks23
)
(/home/jim/texmf/tex/latex/pgf/tex/generic/pgf/math/pgfmathfunctions.code.tex
(/home/jim/texmf/tex/latex/pgf/tex/generic/pgf/math/pgfmathfunctions.basic.code
.tex)
(/home/jim/texmf/tex/latex/pgf/tex/generic/pgf/math/pgfmathfunctions.trigonomet
ric.code.tex)
(/home/jim/texmf/tex/latex/pgf/tex/generic/pgf/math/pgfmathfunctions.random.cod
e.tex)
(/home/jim/texmf/tex/latex/pgf/tex/generic/pgf/math/pgfmathfunctions.comparison
.code.tex)
(/home/jim/texmf/tex/latex/pgf/tex/generic/pgf/math/pgfmathfunctions.base.code.
tex)
(/home/jim/texmf/tex/latex/pgf/tex/generic/pgf/math/pgfmathfunctions.round.code
.tex)
(/home/jim/texmf/tex/latex/pgf/tex/generic/pgf/math/pgfmathfunctions.misc.code.
tex)
(/home/jim/texmf/tex/latex/pgf/tex/generic/pgf/math/pgfmathfunctions.integerari
thmetics.code.tex)))
(/home/jim/texmf/tex/latex/pgf/tex/generic/pgf/math/pgfmathfloat.code.tex
\c@pgfmathroundto@lastzeros=\count95
))
(/home/jim/texmf/tex/latex/pgf/tex/generic/pgf/basiclayer/pgfcorepoints.code.te
x
File: pgfcorepoints.code.tex 2012/01/06  (rcs-revision 1.21)
\pgf@picminx=\dimen114
\pgf@picmaxx=\dimen115
\pgf@picminy=\dimen116
\pgf@picmaxy=\dimen117
\pgf@pathminx=\dimen118
\pgf@pathmaxx=\dimen119
\pgf@pathminy=\dimen120
\pgf@pathmaxy=\dimen121
\pgf@xx=\dimen122
\pgf@xy=\dimen123
\pgf@yx=\dimen124
\pgf@yy=\dimen125
\pgf@zx=\dimen126
\pgf@zy=\dimen127
)
(/home/jim/texmf/tex/latex/pgf/tex/generic/pgf/basiclayer/pgfcorepathconstruct.
code.tex
File: pgfcorepathconstruct.code.tex 2011/04/17  (rcs-revision 1.25)
\pgf@path@lastx=\dimen128
\pgf@path@lasty=\dimen129
)
(/home/jim/texmf/tex/latex/pgf/tex/generic/pgf/basiclayer/pgfcorepathusage.code
.tex
File: pgfcorepathusage.code.tex 2008/04/22  (rcs-revision 1.12)
\pgf@shorten@end@additional=\dimen130
\pgf@shorten@start@additional=\dimen131
)
(/home/jim/texmf/tex/latex/pgf/tex/generic/pgf/basiclayer/pgfcorescopes.code.te
x
File: pgfcorescopes.code.tex 2011/10/01  (rcs-revision 1.37)
\pgfpic=\box28
\pgf@hbox=\box29
\pgf@layerbox@main=\box30
\pgf@picture@serial@count=\count96
)
(/home/jim/texmf/tex/latex/pgf/tex/generic/pgf/basiclayer/pgfcoregraphicstate.c
ode.tex
File: pgfcoregraphicstate.code.tex 2008/04/22  (rcs-revision 1.9)
\pgflinewidth=\dimen132
)
(/home/jim/texmf/tex/latex/pgf/tex/generic/pgf/basiclayer/pgfcoretransformation
s.code.tex
File: pgfcoretransformations.code.tex 2012/01/06  (rcs-revision 1.12)
\pgf@pt@x=\dimen133
\pgf@pt@y=\dimen134
\pgf@pt@temp=\dimen135
)
(/home/jim/texmf/tex/latex/pgf/tex/generic/pgf/basiclayer/pgfcorequick.code.tex
File: pgfcorequick.code.tex 2008/10/09  (rcs-revision 1.3)
)
(/home/jim/texmf/tex/latex/pgf/tex/generic/pgf/basiclayer/pgfcoreobjects.code.t
ex
File: pgfcoreobjects.code.tex 2006/10/11  (rcs-revision 1.2)
)
(/home/jim/texmf/tex/latex/pgf/tex/generic/pgf/basiclayer/pgfcorepathprocessing
.code.tex
File: pgfcorepathprocessing.code.tex 2008/10/09  (rcs-revision 1.8)
)
(/home/jim/texmf/tex/latex/pgf/tex/generic/pgf/basiclayer/pgfcorearrows.code.te
x
File: pgfcorearrows.code.tex 2011/06/07  (rcs-revision 1.12)
)
(/home/jim/texmf/tex/latex/pgf/tex/generic/pgf/basiclayer/pgfcoreshade.code.tex
File: pgfcoreshade.code.tex 2008/11/23  (rcs-revision 1.13)
\pgf@max=\dimen136
\pgf@sys@shading@range@num=\count97
)
(/home/jim/texmf/tex/latex/pgf/tex/generic/pgf/basiclayer/pgfcoreimage.code.tex
File: pgfcoreimage.code.tex 2010/03/25  (rcs-revision 1.16)

(/home/jim/texmf/tex/latex/pgf/tex/generic/pgf/basiclayer/pgfcoreexternal.code.
tex
File: pgfcoreexternal.code.tex 2012/06/18  (rcs-revision 1.19)
\pgfexternal@startupbox=\box31
))
(/home/jim/texmf/tex/latex/pgf/tex/generic/pgf/basiclayer/pgfcorelayers.code.te
x
File: pgfcorelayers.code.tex 2011/10/02  (rcs-revision 1.4)
)
(/home/jim/texmf/tex/latex/pgf/tex/generic/pgf/basiclayer/pgfcoretransparency.c
ode.tex
File: pgfcoretransparency.code.tex 2008/01/17  (rcs-revision 1.2)
)
(/home/jim/texmf/tex/latex/pgf/tex/generic/pgf/basiclayer/pgfcorepatterns.code.
tex
File: pgfcorepatterns.code.tex 2009/07/02  (rcs-revision 1.3)
)))
(/home/jim/texmf/tex/latex/pgf/tex/generic/pgf/modules/pgfmoduleshapes.code.tex
File: pgfmoduleshapes.code.tex 2012/08/29  (rcs-revision 1.22)
\pgfnodeparttextbox=\box32
) (/home/jim/texmf/tex/latex/pgf/tex/generic/pgf/modules/pgfmoduleplot.code.tex
File: pgfmoduleplot.code.tex 2011/10/22  (rcs-revision 1.10)
)
(/home/jim/texmf/tex/latex/pgf/tex/latex/pgf/compatibility/pgfcomp-version-0-65
.sty
Package: pgfcomp-version-0-65 2007/07/03 v2.10-cvs (rcs-revision 1.7)
\pgf@nodesepstart=\dimen137
\pgf@nodesepend=\dimen138
)
(/home/jim/texmf/tex/latex/pgf/tex/latex/pgf/compatibility/pgfcomp-version-1-18
.sty
Package: pgfcomp-version-1-18 2007/07/23 v2.10-cvs (rcs-revision 1.1)
)) (/home/jim/texmf/tex/latex/pgf/tex/latex/pgf/utilities/pgffor.sty
(/home/jim/texmf/tex/latex/pgf/tex/latex/pgf/utilities/pgfkeys.sty
(/home/jim/texmf/tex/latex/pgf/tex/generic/pgf/utilities/pgfkeys.code.tex))
(/home/jim/texmf/tex/latex/pgf/tex/latex/pgf/math/pgfmath.sty
(/home/jim/texmf/tex/latex/pgf/tex/generic/pgf/math/pgfmath.code.tex))
(/home/jim/texmf/tex/latex/pgf/tex/generic/pgf/utilities/pgffor.code.tex
Package: pgffor 2012/08/27 v2.10-cvs (rcs-revision 1.22)

(/home/jim/texmf/tex/latex/pgf/tex/generic/pgf/math/pgfmath.code.tex)
\pgffor@iter=\dimen139
\pgffor@skip=\dimen140
\pgffor@stack=\toks24
\pgffor@toks=\toks25
))
(/home/jim/texmf/tex/latex/pgf/tex/generic/pgf/frontendlayer/tikz/tikz.code.tex
Package: tikz 2012/08/29 v2.10-cvs (rcs-revision 1.100)

(/home/jim/texmf/tex/latex/pgf/tex/generic/pgf/libraries/pgflibraryplothandlers
.code.tex
File: pgflibraryplothandlers.code.tex 2012/09/11 v2.10-cvs (rcs-revision 1.17)
\pgf@plot@mark@count=\count98
\pgfplotmarksize=\dimen141
)
\tikz@lastx=\dimen142
\tikz@lasty=\dimen143
\tikz@lastxsaved=\dimen144
\tikz@lastysaved=\dimen145
\tikzleveldistance=\dimen146
\tikzsiblingdistance=\dimen147
\tikz@figbox=\box33
\tikz@tempbox=\box34
\tikztreelevel=\count99
\tikznumberofchildren=\count100
\tikznumberofcurrentchild=\count101
\tikz@fig@count=\count102

(/home/jim/texmf/tex/latex/pgf/tex/generic/pgf/modules/pgfmodulematrix.code.tex
File: pgfmodulematrix.code.tex 2010/08/24  (rcs-revision 1.4)
\pgfmatrixcurrentrow=\count103
\pgfmatrixcurrentcolumn=\count104
\pgf@matrix@numberofcolumns=\count105
)
\tikz@expandcount=\count106

(/home/jim/texmf/tex/latex/pgf/tex/generic/pgf/frontendlayer/tikz/libraries/tik
zlibrarytopaths.code.tex
File: tikzlibrarytopaths.code.tex 2008/06/17 v2.10-cvs (rcs-revision 1.2)
)))
(/home/jim/texmf/tex/latex/pgfplots/tex/latex/pgfplots/pgfplots.sty
(/home/jim/texmf/tex/latex/pgfplots/tex/generic/pgfplots/pgfplots.revision.tex)
Package: pgfplots 2012/10/26 v1.7 Data Visualization (1.7-2-ge24fff4)
(/home/jim/texmf/tex/latex/pgfplots/tex/generic/pgfplots/pgfplots.code.tex
(/home/jim/texmf/tex/latex/pgfplots/tex/generic/pgfplots/pgfplotscore.code.tex
\t@pgfplots@toka=\toks26
\t@pgfplots@tokb=\toks27
\t@pgfplots@tokc=\toks28
\pgfplots@tmpa=\dimen148
\c@pgfplots@coordindex=\count107
\c@pgfplots@scanlineindex=\count108

(/home/jim/texmf/tex/latex/pgfplots/tex/generic/pgfplots/sys/pgfplotssysgeneric
.code.tex))
(/home/jim/texmf/tex/latex/pgfplots/tex/generic/pgfplots/libs/pgfplotslibrary.c
ode.tex)
(/home/jim/texmf/tex/latex/pgfplots/tex/generic/pgfplots/oldpgfcompatib/pgfplot
soldpgfsupp_loader.code.tex
(/home/jim/texmf/tex/latex/pgf/tex/generic/pgf/libraries/pgflibraryfpu.code.tex
))
(/home/jim/texmf/tex/latex/pgfplots/tex/generic/pgfplots/util/pgfplotsutil.code
.tex
(/home/jim/texmf/tex/latex/pgfplots/tex/generic/pgfplots/liststructure/pgfplots
liststructure.code.tex)
(/home/jim/texmf/tex/latex/pgfplots/tex/generic/pgfplots/liststructure/pgfplots
liststructureext.code.tex)
(/home/jim/texmf/tex/latex/pgfplots/tex/generic/pgfplots/liststructure/pgfplots
array.code.tex
\c@pgfplotsarray@tmp=\count109
)
(/home/jim/texmf/tex/latex/pgfplots/tex/generic/pgfplots/liststructure/pgfplots
matrix.code.tex)
(/home/jim/texmf/tex/latex/pgfplots/tex/generic/pgfplots/numtable/pgfplotstable
shared.code.tex
\c@pgfplotstable@counta=\count110
\t@pgfplotstable@a=\toks29
)
(/home/jim/texmf/tex/latex/pgfplots/tex/generic/pgfplots/liststructure/pgfplots
deque.code.tex)
(/home/jim/texmf/tex/latex/pgfplots/tex/generic/pgfplots/util/pgfplotsbinary.co
de.tex
(/home/jim/texmf/tex/latex/pgfplots/tex/generic/pgfplots/util/pgfplotsbinary.da
ta.code.tex))
(/home/jim/texmf/tex/latex/pgfplots/tex/generic/pgfplots/util/pgfplotsutil.verb
.code.tex)
(/home/jim/texmf/tex/latex/pgfplots/tex/generic/pgfplots/libs/pgflibrarypgfplot
s.surfshading.code.tex
\c@pgfplotslibrarysurf@no=\count111

(/home/jim/texmf/tex/latex/pgfplots/tex/generic/pgfplots/sys/pgflibrarypgfplots
.surfshading.pgfsys-pdftex.def)))
(/home/jim/texmf/tex/latex/pgfplots/tex/generic/pgfplots/util/pgfplotscolormap.
code.tex)
(/home/jim/texmf/tex/latex/pgfplots/tex/generic/pgfplots/pgfplotsstackedplots.c
ode.tex)
(/home/jim/texmf/tex/latex/pgfplots/tex/generic/pgfplots/pgfplotsplothandlers.c
ode.tex
(/home/jim/texmf/tex/latex/pgfplots/tex/generic/pgfplots/pgfplotsmeshplothandle
r.code.tex))
(/home/jim/texmf/tex/latex/pgfplots/tex/generic/pgfplots/pgfplots.scaling.code.
tex)
(/home/jim/texmf/tex/latex/pgfplots/tex/generic/pgfplots/pgfplotscoordprocessin
g.code.tex)
(/home/jim/texmf/tex/latex/pgfplots/tex/generic/pgfplots/pgfplotsticks.code.tex
)
(/home/jim/texmf/tex/latex/pgfplots/tex/generic/pgfplots/pgfplots.paths.code.te
x)
(/home/jim/texmf/tex/latex/pgf/tex/generic/pgf/frontendlayer/tikz/libraries/tik
zlibrarydecorations.code.tex
(/home/jim/texmf/tex/latex/pgf/tex/generic/pgf/modules/pgfmoduledecorations.cod
e.tex
\pgfdecoratedcompleteddistance=\dimen149
\pgfdecoratedremainingdistance=\dimen150
\pgfdecoratedinputsegmentcompleteddistance=\dimen151
\pgfdecoratedinputsegmentremainingdistance=\dimen152
\pgf@decorate@distancetomove=\dimen153
\pgf@decorate@repeatstate=\count112
\pgfdecorationsegmentamplitude=\dimen154
\pgfdecorationsegmentlength=\dimen155
)
\tikz@lib@dec@box=\box35
)
(/home/jim/texmf/tex/latex/pgf/tex/generic/pgf/frontendlayer/tikz/libraries/tik
zlibrarydecorations.pathmorphing.code.tex
(/home/jim/texmf/tex/latex/pgf/tex/generic/pgf/libraries/decorations/pgflibrary
decorations.pathmorphing.code.tex))
(/home/jim/texmf/tex/latex/pgf/tex/generic/pgf/frontendlayer/tikz/libraries/tik
zlibrarydecorations.pathreplacing.code.tex
(/home/jim/texmf/tex/latex/pgf/tex/generic/pgf/libraries/decorations/pgflibrary
decorations.pathreplacing.code.tex))
\pgfplots@numplots=\count113
\pgfplots@xmin@reg=\dimen156
\pgfplots@xmax@reg=\dimen157
\pgfplots@ymin@reg=\dimen158
\pgfplots@ymax@reg=\dimen159
\pgfplots@zmin@reg=\dimen160
\pgfplots@zmax@reg=\dimen161
)
(/home/jim/texmf/tex/latex/pgf/tex/generic/pgf/frontendlayer/tikz/libraries/tik
zlibraryplotmarks.code.tex
File: tikzlibraryplotmarks.code.tex 2008/01/09 v2.10-cvs (rcs-revision 1.1)

(/home/jim/texmf/tex/latex/pgf/tex/generic/pgf/libraries/pgflibraryplotmarks.co
de.tex
File: pgflibraryplotmarks.code.tex 2010/10/15 v2.10-cvs (rcs-revision 1.12)
))) (./sine.aux)
\openout1 = `sine.aux'.

LaTeX Font Info:    Checking defaults for OML/cmm/m/it on input line 10.
LaTeX Font Info:    ... okay on input line 10.
LaTeX Font Info:    Checking defaults for T1/cmr/m/n on input line 10.
LaTeX Font Info:    ... okay on input line 10.
LaTeX Font Info:    Checking defaults for OT1/cmr/m/n on input line 10.
LaTeX Font Info:    ... okay on input line 10.
LaTeX Font Info:    Checking defaults for OMS/cmsy/m/n on input line 10.
LaTeX Font Info:    ... okay on input line 10.
LaTeX Font Info:    Checking defaults for OMX/cmex/m/n on input line 10.
LaTeX Font Info:    ... okay on input line 10.
LaTeX Font Info:    Checking defaults for U/cmr/m/n on input line 10.
LaTeX Font Info:    ... okay on input line 10.
 ABD: EveryShipout initializing macros
(/usr/share/texmf-dist/tex/context/base/supp-pdf.mkii
[Loading MPS to PDF converter (version 2006.09.02).]
\scratchcounter=\count114
\scratchdimen=\dimen162
\scratchbox=\box36
\nofMPsegments=\count115
\nofMParguments=\count116
\everyMPshowfont=\toks30
\MPscratchCnt=\count117
\MPscratchDim=\dimen163
\MPnumerator=\count118
\makeMPintoPDFobject=\count119
\everyMPtoPDFconversion=\toks31
) (/usr/share/texmf-dist/tex/generic/oberdiek/pdftexcmds.sty
Package: pdftexcmds 2011/11/29 v0.20 Utility functions of pdfTeX for LuaTeX (HO
)

(/usr/share/texmf-dist/tex/generic/oberdiek/ifluatex.sty
Package: ifluatex 2010/03/01 v1.3 Provides the ifluatex switch (HO)
Package ifluatex Info: LuaTeX not detected.
)
(/usr/share/texmf-dist/tex/generic/oberdiek/ifpdf.sty
Package: ifpdf 2011/01/30 v2.3 Provides the ifpdf switch (HO)
Package ifpdf Info: pdfTeX in PDF mode is detected.
)
Package pdftexcmds Info: LuaTeX not detected.
Package pdftexcmds Info: \pdf@primitive is available.
Package pdftexcmds Info: \pdf@ifprimitive is available.
Package pdftexcmds Info: \pdfdraftmode found.
)
(/usr/share/texmf-dist/tex/latex/oberdiek/epstopdf-base.sty
Package: epstopdf-base 2010/02/09 v2.5 Base part for package epstopdf

(/usr/share/texmf-dist/tex/latex/oberdiek/grfext.sty
Package: grfext 2010/08/19 v1.1 Manage graphics extensions (HO)

(/home/jim/texmf/tex/latex/kvdefinekeys/kvdefinekeys.sty
Package: kvdefinekeys 2011/04/07 v1.3 Define keys (HO)
))
(/home/jim/texmf/tex/latex/kvoptions/kvoptions.sty
Package: kvoptions 2011/06/30 v3.11 Key value format for package options (HO)

(/usr/share/texmf-dist/tex/generic/oberdiek/kvsetkeys.sty
Package: kvsetkeys 2012/04/25 v1.16 Key value parser (HO)

(/usr/share/texmf-dist/tex/generic/oberdiek/etexcmds.sty
Package: etexcmds 2011/02/16 v1.5 Avoid name clashes with e-TeX commands (HO)
Package etexcmds Info: Could not find \expanded.
(etexcmds)             That can mean that you are not using pdfTeX 1.50 or
(etexcmds)             that some package has redefined \expanded.
(etexcmds)             In the latter case, load this package earlier.
)))
Package grfext Info: Graphics extension search list:
(grfext)             [.png,.pdf,.jpg,.mps,.jpeg,.jbig2,.jb2,.PNG,.PDF,.JPG,.JPE
G,.JBIG2,.JB2,.eps]
(grfext)             \AppendGraphicsExtensions on input line 452.

(/usr/share/texmf-dist/tex/latex/latexconfig/epstopdf-sys.cfg
File: epstopdf-sys.cfg 2010/07/13 v1.3 Configuration of (r)epstopdf for TeX Liv
e
))
! Package pgfplots Warning: running in backwards compatibility mode (unsuitable
 tick labels; missing features). Consider writing \pgfplotsset{compat=1.7} into
 your preamble.

[1

] (./sine.aux) ) 
Here is how much of TeX's memory you used:
 17256 strings out of 493109
 419750 string characters out of 6140857
 2402649 words of memory out of 5000000
 20412 multiletter control sequences out of 15000+600000
 3640 words of font info for 14 fonts, out of 8000000 for 9000
 1141 hyphenation exceptions out of 8191
 56i,5n,74p,700b,1558s stack positions out of 5000i,500n,10000p,200000b,80000s

Output written on sine.pdf (1 page, 86605 bytes).
PDF statistics:
 11 PDF objects out of 1000 (max. 8388607)
 7 compressed objects within 1 object stream
 0 named destinations out of 1000 (max. 500000)
 13 words of extra memory for PDF output out of 10000 (max. 10000000)

